SF:lib/features/auth/domain/entity/user_entity.dart
DA:10,3
DA:18,0
DA:19,0
LF:3
LH:1
end_of_record
SF:lib/features/trip/domain/use_case/update_trip.dart
DA:11,1
DA:13,1
DA:14,2
DA:15,1
DA:16,2
DA:17,1
DA:18,2
LF:7
LH:7
end_of_record
SF:lib/core/error/failure.dart
DA:6,13
DA:8,1
DA:9,2
DA:13,1
DA:17,0
DA:22,13
LF:6
LH:5
end_of_record
SF:lib/features/trip/domain/entity/trip_entity.dart
DA:13,5
DA:24,1
DA:34,1
DA:35,1
DA:36,1
DA:37,1
DA:38,0
DA:39,1
DA:40,1
DA:41,1
DA:42,0
DA:46,1
DA:47,1
DA:48,1
DA:49,1
DA:50,1
DA:51,1
DA:52,1
DA:53,1
DA:54,1
DA:55,1
LF:21
LH:19
end_of_record
SF:lib/core/network/network_info.dart
DA:10,0
DA:12,0
DA:14,0
DA:15,0
LF:4
LH:0
end_of_record
SF:lib/features/trip/domain/use_case/add_trip.dart
DA:13,1
DA:15,1
DA:17,2
DA:20,2
DA:22,2
LF:5
LH:5
end_of_record
SF:lib/app/constant/api_endpoints.dart
DA:5,0
LF:1
LH:0
end_of_record
SF:lib/app/service_locator/service_locator.dart
DA:73,6
DA:75,0
DA:79,0
DA:80,0
DA:81,0
DA:82,0
DA:83,0
DA:84,0
DA:92,0
DA:93,0
DA:96,0
DA:97,0
DA:100,0
DA:101,0
DA:105,0
DA:106,0
DA:109,0
DA:110,0
DA:113,0
DA:114,0
DA:121,0
DA:122,0
DA:125,0
DA:126,0
DA:127,0
DA:128,0
DA:129,0
DA:133,0
DA:134,0
DA:137,0
DA:138,0
DA:141,0
DA:142,0
DA:145,0
DA:146,0
DA:147,0
DA:156,0
DA:157,0
DA:158,0
DA:159,0
DA:160,0
DA:161,0
DA:162,0
DA:163,0
DA:166,0
DA:167,0
DA:168,0
DA:169,0
DA:170,0
DA:173,0
DA:174,0
DA:176,0
DA:177,0
DA:179,0
DA:180,0
DA:184,0
DA:185,0
DA:186,0
DA:189,0
DA:195,0
DA:196,0
DA:197,0
DA:198,0
DA:199,0
DA:200,0
DA:201,0
DA:205,0
DA:207,0
DA:208,0
DA:211,0
DA:212,0
DA:213,0
DA:214,0
DA:215,0
DA:216,0
DA:220,0
DA:221,0
DA:222,0
DA:223,0
DA:224,0
DA:228,0
DA:229,0
LF:82
LH:1
end_of_record
SF:lib/core/network/api_service.dart
DA:10,0
DA:12,0
DA:13,0
DA:14,0
DA:15,0
DA:16,0
DA:17,0
DA:18,0
DA:19,0
DA:25,0
DA:26,0
DA:27,0
DA:28,0
DA:29,0
DA:30,0
DA:31,0
DA:33,0
DA:37,0
LF:18
LH:0
end_of_record
SF:lib/core/network/hive_service.dart
DA:16,0
DA:17,0
DA:18,0
DA:20,0
DA:21,0
DA:23,0
DA:24,0
DA:26,0
DA:27,0
DA:30,0
DA:31,0
DA:33,0
DA:37,0
DA:38,0
DA:40,0
DA:43,0
DA:44,0
DA:46,0
DA:47,0
DA:49,0
DA:53,0
DA:54,0
DA:55,0
DA:59,0
DA:60,0
DA:61,0
DA:65,0
DA:66,0
DA:67,0
DA:71,0
DA:72,0
DA:73,0
DA:77,0
DA:78,0
DA:79,0
DA:83,0
DA:84,0
DA:85,0
DA:86,0
DA:87,0
DA:88,0
DA:89,0
DA:90,0
DA:91,0
DA:92,0
DA:93,0
DA:95,0
DA:100,0
DA:101,0
DA:102,0
DA:106,0
DA:107,0
DA:108,0
DA:112,0
DA:113,0
DA:114,0
DA:119,0
DA:120,0
DA:124,0
DA:125,0
DA:126,0
DA:127,0
DA:132,0
DA:133,0
DA:134,0
DA:135,0
DA:140,0
DA:141,0
DA:142,0
DA:143,0
DA:144,0
DA:148,0
DA:149,0
DA:150,0
DA:154,0
DA:155,0
DA:156,0
DA:160,0
DA:161,0
DA:162,0
DA:166,0
DA:168,0
DA:169,0
DA:170,0
DA:171,0
DA:172,0
DA:173,0
DA:174,0
DA:175,0
DA:179,0
DA:182,0
DA:183,0
DA:187,0
DA:188,0
DA:189,0
DA:190,0
DA:191,0
DA:192,0
DA:193,0
DA:194,0
DA:195,0
DA:199,0
DA:200,0
DA:201,0
DA:202,0
DA:203,0
DA:204,0
DA:205,0
DA:206,0
DA:207,0
DA:210,0
LF:111
LH:0
end_of_record
SF:lib/features/auth/data/data_source/local_datasource/auth_local_datasource.dart
DA:28,0
DA:30,0
DA:32,0
DA:34,0
DA:40,0
DA:42,0
DA:48,0
DA:50,0
DA:55,0
DA:57,0
DA:59,0
DA:62,0
DA:63,0
DA:66,0
DA:74,0
DA:76,0
DA:82,0
DA:85,0
DA:86,0
DA:93,0
DA:96,0
DA:99,0
DA:100,0
DA:106,0
DA:113,0
DA:115,0
DA:119,0
DA:123,0
DA:124,0
DA:128,0
DA:129,0
DA:131,0
LF:32
LH:0
end_of_record
SF:lib/features/auth/data/repository/local_repository/auth_local_repository_impl.dart
DA:11,0
DA:13,0
DA:15,0
DA:16,0
DA:19,0
DA:21,0
DA:22,0
DA:23,0
DA:25,0
DA:28,0
DA:30,0
DA:33,0
DA:35,0
DA:39,0
DA:41,0
DA:42,0
DA:45,0
DA:53,0
DA:61,0
LF:19
LH:0
end_of_record
SF:lib/features/auth/data/data_source/remote_datasource/auth_remote_datasource.dart
DA:24,0
DA:26,0
DA:28,0
DA:30,0
DA:32,0
DA:38,0
DA:40,0
DA:41,0
DA:43,0
DA:44,0
DA:48,0
DA:50,0
DA:52,0
DA:54,0
DA:55,0
DA:56,0
DA:60,0
DA:62,0
DA:65,0
DA:66,0
DA:70,0
DA:72,0
DA:74,0
DA:75,0
DA:78,0
DA:79,0
DA:80,0
DA:83,0
DA:86,0
DA:93,0
DA:94,0
DA:95,0
DA:101,0
DA:102,0
DA:103,0
DA:106,0
LF:36
LH:0
end_of_record
SF:lib/features/auth/data/repository/remote_repository/auth_remote_repository_impl.dart
DA:17,0
DA:23,0
DA:28,0
DA:33,0
DA:36,0
DA:37,0
DA:41,0
DA:43,0
DA:44,0
DA:45,0
DA:47,0
DA:50,0
DA:51,0
DA:52,0
DA:53,0
DA:54,0
DA:56,0
DA:58,0
DA:59,0
DA:63,0
DA:65,0
DA:66,0
DA:68,0
DA:72,0
DA:73,0
DA:81,0
DA:83,0
DA:87,0
DA:88,0
DA:91,0
DA:94,0
DA:95,0
DA:102,0
DA:104,0
DA:108,0
DA:111,0
DA:114,0
DA:115,0
DA:122,0
DA:128,0
DA:131,0
DA:135,0
DA:142,0
LF:43
LH:0
end_of_record
SF:lib/features/auth/domain/use_case/change_password.dart
DA:8,0
DA:10,0
DA:15,0
LF:3
LH:0
end_of_record
SF:lib/features/auth/domain/use_case/forgot_password.dart
DA:8,0
DA:10,0
DA:14,0
LF:3
LH:0
end_of_record
SF:lib/features/auth/domain/use_case/remote_login_user.dart
DA:9,1
DA:11,1
DA:15,2
LF:3
LH:3
end_of_record
SF:lib/features/auth/domain/use_case/remote_register_user.dart
DA:9,0
DA:11,0
DA:12,0
LF:3
LH:0
end_of_record
SF:lib/app/use_case/login_user.dart
DA:9,0
DA:11,0
DA:13,0
DA:15,0
DA:17,0
DA:19,0
LF:6
LH:0
end_of_record
SF:lib/app/use_case/register_user.dart
DA:9,0
DA:11,0
DA:13,0
DA:16,0
LF:4
LH:0
end_of_record
SF:lib/features/auth/presentation/view_model/auth_bloc.dart
DA:16,3
DA:17,2
DA:18,2
DA:21,1
DA:22,2
DA:24,2
DA:25,2
DA:26,2
DA:29,1
DA:30,1
DA:31,3
DA:33,1
DA:35,3
DA:38,1
DA:42,3
DA:45,2
DA:48,3
DA:49,2
DA:54,0
DA:55,0
DA:57,0
DA:59,0
DA:60,0
DA:65,0
DA:67,0
DA:68,0
DA:69,0
DA:71,0
DA:72,0
DA:75,0
DA:78,0
DA:79,0
DA:84,1
DA:85,1
DA:86,2
DA:87,0
LF:36
LH:21
end_of_record
SF:lib/features/profile/domain/use_case/delete_user.dart
DA:6,0
DA:8,0
DA:9,0
LF:3
LH:0
end_of_record
SF:lib/features/profile/domain/use_case/get_user_email.dart
DA:8,0
DA:10,0
DA:12,0
DA:13,0
DA:14,0
DA:16,0
DA:18,0
LF:7
LH:0
end_of_record
SF:lib/features/profile/presentation/view_model/profile_cubit.dart
DA:18,0
DA:25,0
DA:27,0
DA:28,0
DA:30,0
DA:32,0
DA:33,0
DA:34,0
DA:35,0
DA:36,0
DA:41,0
DA:46,0
DA:48,0
DA:50,0
DA:54,0
DA:55,0
DA:60,0
DA:61,0
DA:62,0
DA:67,0
DA:68,0
DA:71,0
DA:72,0
DA:73,0
DA:75,0
DA:79,0
DA:80,0
DA:81,0
DA:83,0
DA:84,0
LF:30
LH:0
end_of_record
SF:lib/features/splash/presentation/view_model/splash_cubit.dart
DA:10,0
DA:12,0
DA:13,0
DA:15,0
DA:17,0
DA:19,0
DA:21,0
DA:23,0
DA:25,0
LF:9
LH:0
end_of_record
SF:lib/features/trip/data/data_source/local_datasource/local_trip_datasource.dart
DA:15,0
DA:17,0
DA:19,0
DA:20,0
DA:21,0
DA:22,0
DA:27,0
DA:29,0
DA:30,0
DA:31,0
DA:35,0
DA:37,0
DA:38,0
DA:39,0
DA:44,0
DA:46,0
DA:47,0
DA:48,0
DA:49,0
LF:19
LH:0
end_of_record
SF:lib/features/trip/data/data_source/remote_datasource/trip_remote_data_source.dart
DA:16,0
DA:18,0
DA:19,0
DA:20,0
DA:21,0
DA:23,0
DA:24,0
DA:29,0
DA:31,0
DA:32,0
DA:34,0
DA:35,0
DA:38,0
DA:39,0
DA:40,0
DA:41,0
DA:42,0
DA:43,0
DA:44,0
DA:45,0
DA:49,0
DA:52,0
DA:56,0
DA:58,0
DA:59,0
DA:60,0
DA:61,0
DA:64,0
DA:65,0
DA:66,0
DA:69,0
DA:70,0
DA:71,0
DA:74,0
DA:76,0
DA:78,0
DA:79,0
DA:80,0
DA:81,0
DA:85,0
DA:87,0
DA:89,0
DA:90,0
DA:91,0
LF:44
LH:0
end_of_record
SF:lib/features/trip/data/repository/local_repository/trip_repository_impl.dart
DA:13,0
DA:15,0
DA:18,0
DA:21,0
DA:25,0
DA:28,0
DA:31,0
DA:35,0
DA:38,0
DA:39,0
DA:41,0
DA:45,0
DA:48,0
DA:51,0
LF:14
LH:0
end_of_record
SF:lib/features/trip/data/repository/remote_repository/trip_remote_repository_impl.dart
DA:13,0
DA:15,0
DA:18,0
DA:19,0
DA:20,0
DA:22,0
DA:23,0
DA:24,0
DA:25,0
DA:32,0
DA:35,0
DA:37,0
DA:38,0
DA:39,0
DA:40,0
DA:47,0
DA:50,0
DA:51,0
DA:52,0
DA:53,0
DA:54,0
DA:55,0
DA:56,0
DA:63,0
DA:66,0
DA:67,0
DA:69,0
DA:70,0
DA:71,0
DA:72,0
LF:30
LH:0
end_of_record
SF:lib/features/trip/domain/use_case/get_all_trips.dart
DA:11,1
DA:13,1
DA:15,2
DA:16,2
LF:4
LH:4
end_of_record
SF:lib/features/trip/domain/use_case/delete_trip.dart
DA:10,1
DA:12,1
DA:13,2
DA:14,1
DA:15,2
DA:16,1
DA:17,2
LF:7
LH:7
end_of_record
SF:lib/features/trip/presentation/view_model/trip_bloc.dart
DA:15,0
DA:20,0
DA:21,0
DA:22,0
DA:23,0
DA:24,0
DA:27,0
DA:29,0
DA:30,0
DA:31,0
DA:32,0
DA:33,0
DA:37,0
DA:39,0
DA:40,0
DA:41,0
DA:42,0
DA:43,0
DA:44,0
DA:45,0
DA:50,0
DA:52,0
DA:53,0
DA:54,0
DA:55,0
DA:56,0
DA:57,0
DA:58,0
DA:63,0
DA:65,0
DA:66,0
DA:67,0
DA:68,0
DA:69,0
DA:70,0
DA:71,0
LF:36
LH:0
end_of_record
SF:lib/features/saved/data/data_source/local_datasource/local_saved_trip_datasource.dart
DA:16,0
DA:18,0
DA:20,0
DA:23,0
DA:25,0
DA:28,0
DA:30,0
LF:7
LH:0
end_of_record
SF:lib/features/saved/data/repository/local_repository/saved_trip_repository_impl.dart
DA:11,0
DA:13,0
DA:16,0
DA:19,0
DA:23,0
DA:26,0
DA:29,0
DA:33,0
DA:36,0
DA:37,0
DA:39,0
LF:11
LH:0
end_of_record
SF:lib/features/saved/domain/use_case/add_saved_trip.dart
DA:9,0
DA:11,0
DA:12,0
LF:3
LH:0
end_of_record
SF:lib/features/saved/domain/use_case/get_all_saved_trips.dart
DA:9,0
DA:11,0
DA:12,0
LF:3
LH:0
end_of_record
SF:lib/features/saved/domain/use_case/delete_saved_trip.dart
DA:8,0
DA:10,0
DA:11,0
LF:3
LH:0
end_of_record
SF:lib/features/saved/presentation/view_model/saved_trip_bloc.dart
DA:15,0
DA:19,0
DA:20,0
DA:21,0
DA:22,0
DA:25,0
DA:29,0
DA:30,0
DA:31,0
DA:32,0
DA:33,0
DA:37,0
DA:41,0
DA:42,0
DA:43,0
DA:44,0
DA:45,0
DA:49,0
DA:53,0
DA:54,0
DA:55,0
DA:56,0
DA:57,0
LF:23
LH:0
end_of_record
SF:lib/features/deepseek/data/data_source/remote_datasource/remote_deepseek_datasource.dart
DA:13,0
DA:15,0
DA:18,0
DA:20,0
DA:22,0
DA:25,0
DA:27,0
DA:28,0
DA:30,0
LF:9
LH:0
end_of_record
SF:lib/features/deepseek/data/repository/remote_repository/deepseek_repository_impl.dart
DA:11,0
DA:13,0
DA:17,0
DA:18,0
DA:20,0
LF:5
LH:0
end_of_record
SF:lib/features/deepseek/domain/use_case/generate_trip.dart
DA:10,0
DA:12,0
DA:13,0
LF:3
LH:0
end_of_record
SF:lib/features/deepseek/presentation/view_model/deepseek_bloc.dart
DA:12,0
DA:13,0
DA:16,0
DA:18,0
DA:20,0
DA:22,0
DA:23,0
DA:24,0
DA:25,0
DA:26,0
LF:10
LH:0
end_of_record
SF:lib/features/deepseek/presentation/view_model/deepseek_state.dart
DA:12,0
DA:19,0
LF:2
LH:0
end_of_record
SF:lib/features/deepseek/presentation/view_model/deepseek_event.dart
DA:8,0
LF:1
LH:0
end_of_record
SF:lib/features/dashboard/presentation/view_model/dashboard_bloc.dart
DA:12,0
DA:13,0
DA:16,0
DA:18,0
DA:21,0
DA:23,0
DA:25,0
DA:30,0
DA:33,0
DA:34,0
DA:36,0
DA:37,0
DA:38,0
DA:41,0
DA:42,0
DA:43,0
DA:45,0
DA:46,0
DA:47,0
DA:51,0
DA:53,0
DA:59,0
DA:68,0
DA:70,0
LF:24
LH:0
end_of_record
SF:lib/core/network/dio_error_interceptor.dart
DA:4,0
DA:8,0
DA:9,0
DA:11,0
DA:14,0
DA:15,0
DA:20,0
DA:21,0
DA:22,0
DA:24,0
DA:25,0
DA:32,0
DA:33,0
DA:34,0
DA:36,0
DA:40,0
LF:16
LH:0
end_of_record
SF:lib/core/network/token_provider.dart
DA:4,0
DA:5,0
DA:6,0
DA:9,0
DA:10,0
DA:11,0
LF:6
LH:0
end_of_record
SF:lib/features/auth/data/model/user_model.g.dart
DA:13,0
DA:15,0
DA:16,0
DA:17,0
DA:19,0
DA:20,0
DA:21,0
DA:22,0
DA:23,0
DA:24,0
DA:28,0
DA:31,0
DA:32,0
DA:33,0
DA:34,0
DA:35,0
DA:36,0
DA:37,0
DA:38,0
DA:39,0
DA:40,0
DA:41,0
DA:44,0
DA:45,0
DA:47,0
DA:50,0
DA:51,0
DA:52,0
LF:28
LH:0
end_of_record
SF:lib/features/auth/data/model/user_model.dart
DA:23,0
DA:31,0
DA:32,0
DA:33,0
DA:34,0
DA:35,0
DA:36,0
DA:37,0
DA:41,0
DA:42,0
DA:43,0
DA:44,0
DA:45,0
DA:46,0
DA:47,0
DA:51,0
DA:52,0
DA:53,0
DA:54,0
DA:55,0
DA:56,0
DA:57,0
DA:61,0
DA:62,0
DA:63,0
DA:64,0
DA:65,0
DA:66,0
DA:67,0
DA:71,0
DA:78,0
DA:79,0
DA:80,0
DA:81,0
DA:82,0
DA:83,0
LF:36
LH:0
end_of_record
SF:lib/features/trip/data/model/trip_model.g.dart
DA:13,0
DA:15,0
DA:16,0
DA:17,0
DA:19,0
DA:20,0
DA:21,0
DA:22,0
DA:23,0
DA:24,0
DA:25,0
DA:26,0
DA:27,0
DA:31,0
DA:34,0
DA:35,0
DA:36,0
DA:37,0
DA:38,0
DA:39,0
DA:40,0
DA:41,0
DA:42,0
DA:43,0
DA:44,0
DA:45,0
DA:46,0
DA:47,0
DA:48,0
DA:49,0
DA:50,0
DA:53,0
DA:54,0
DA:56,0
DA:59,0
DA:60,0
DA:61,0
LF:37
LH:0
end_of_record
SF:lib/features/trip/data/model/trip_model.dart
DA:35,0
DA:47,0
DA:48,0
DA:49,0
DA:50,0
DA:51,0
DA:52,0
DA:53,0
DA:54,0
DA:56,0
DA:57,0
DA:59,0
DA:60,0
DA:64,0
DA:65,0
DA:66,0
DA:67,0
DA:68,0
DA:69,0
DA:70,0
DA:71,0
DA:72,0
DA:73,0
DA:77,0
DA:78,0
DA:79,0
DA:80,0
DA:81,0
DA:82,0
DA:83,0
DA:84,0
DA:85,0
DA:86,0
DA:90,0
DA:91,0
DA:92,0
DA:93,0
DA:94,0
DA:95,0
DA:96,0
DA:97,0
DA:98,0
DA:99,0
LF:43
LH:0
end_of_record
SF:lib/features/saved/data/model/saved_trip_model.dart
DA:29,0
DA:39,0
DA:40,0
DA:41,0
DA:42,0
DA:43,0
DA:44,0
DA:45,0
DA:46,0
DA:47,0
DA:51,0
DA:52,0
DA:53,0
DA:54,0
DA:55,0
DA:56,0
DA:57,0
DA:58,0
DA:59,0
LF:19
LH:0
end_of_record
SF:lib/features/saved/data/model/saved_trip_model.g.dart
DA:13,0
DA:15,0
DA:16,0
DA:17,0
DA:19,0
DA:20,0
DA:21,0
DA:22,0
DA:23,0
DA:24,0
DA:25,0
DA:26,0
DA:30,0
DA:33,0
DA:34,0
DA:35,0
DA:36,0
DA:37,0
DA:38,0
DA:39,0
DA:40,0
DA:41,0
DA:42,0
DA:43,0
DA:44,0
DA:45,0
DA:46,0
DA:47,0
DA:50,0
DA:51,0
DA:53,0
DA:56,0
DA:57,0
DA:58,0
LF:34
LH:0
end_of_record
SF:lib/features/auth/data/model/login_response_model.dart
DA:8,0
DA:13,0
DA:14,0
DA:16,0
DA:17,0
DA:18,0
DA:19,0
DA:20,0
DA:22,0
DA:23,0
DA:28,0
DA:29,0
DA:30,0
DA:31,0
LF:14
LH:0
end_of_record
SF:lib/features/auth/domain/entity/login_response_entity.dart
DA:7,2
LF:1
LH:1
end_of_record
SF:lib/features/auth/presentation/view_model/auth_event.dart
DA:7,1
DA:14,0
LF:2
LH:1
end_of_record
SF:lib/features/auth/presentation/view_model/auth_state.dart
DA:4,1
DA:5,1
DA:13,1
DA:14,1
DA:20,1
DA:22,1
DA:23,2
LF:7
LH:7
end_of_record
SF:lib/features/dashboard/domain/entity/dashboard_entity.dart
DA:9,0
LF:1
LH:0
end_of_record
SF:lib/features/dashboard/presentation/view_model/dashboard_event.dart
DA:4,0
DA:6,0
DA:7,0
LF:3
LH:0
end_of_record
SF:lib/features/dashboard/presentation/view_model/dashboard_state.dart
DA:5,0
DA:7,0
DA:8,0
DA:18,0
DA:20,0
DA:21,0
DA:27,0
DA:29,0
DA:30,0
LF:9
LH:0
end_of_record
SF:lib/features/deepseek/data/model/deepseek_request_model.dart
DA:12,0
DA:23,0
DA:24,0
DA:25,0
DA:26,0
DA:27,0
DA:28,0
DA:29,0
DA:30,0
DA:31,0
DA:36,0
DA:37,0
DA:38,0
DA:39,0
DA:40,0
DA:41,0
DA:42,0
DA:43,0
DA:44,0
DA:49,0
DA:50,0
DA:51,0
DA:52,0
DA:53,0
DA:54,0
DA:55,0
DA:56,0
DA:57,0
LF:28
LH:0
end_of_record
SF:lib/features/deepseek/data/model/deepseek_response_model.dart
DA:7,0
DA:11,0
DA:12,0
DA:13,0
DA:18,0
DA:19,0
DA:22,0
DA:23,0
LF:8
LH:0
end_of_record
SF:lib/features/deepseek/domain/entity/deepseek_request_entity.dart
DA:10,0
LF:1
LH:0
end_of_record
SF:lib/features/deepseek/domain/entity/deepseek_response_entity.dart
DA:4,0
LF:1
LH:0
end_of_record
SF:lib/features/profile/presentation/view_model/profile_state.dart
DA:11,0
DA:24,0
LF:2
LH:0
end_of_record
SF:lib/features/saved/domain/entity/saved_trip_entity.dart
DA:12,0
DA:22,0
DA:23,0
DA:24,0
DA:25,0
DA:26,0
DA:27,0
DA:28,0
DA:29,0
DA:30,0
LF:10
LH:0
end_of_record
SF:lib/features/saved/presentation/view_model/saved_trip_event.dart
DA:12,0
DA:18,0
LF:2
LH:0
end_of_record
SF:lib/features/saved/presentation/view_model/saved_trip_state.dart
DA:14,0
DA:20,0
LF:2
LH:0
end_of_record
SF:lib/features/trip/presentation/view/trip_details_screen.dart
DA:18,0
DA:20,0
DA:22,0
DA:23,0
DA:24,0
DA:25,0
DA:27,0
DA:28,0
DA:30,0
DA:31,0
DA:32,0
DA:33,0
DA:34,0
DA:35,0
DA:36,0
DA:39,0
DA:41,0
DA:45,0
DA:46,0
DA:53,0
DA:54,0
DA:55,0
DA:56,0
DA:57,0
DA:60,0
DA:61,0
DA:62,0
DA:68,0
DA:69,0
DA:70,0
DA:72,0
DA:73,0
DA:74,0
DA:76,0
DA:78,0
DA:79,0
DA:81,0
DA:85,0
DA:87,0
DA:88,0
DA:90,0
DA:91,0
DA:93,0
DA:95,0
DA:96,0
DA:98,0
DA:99,0
DA:101,0
DA:102,0
DA:103,0
DA:104,0
DA:108,0
DA:109,0
DA:110,0
DA:122,0
DA:123,0
DA:124,0
DA:127,0
DA:128,0
DA:130,0
DA:131,0
DA:132,0
DA:133,0
DA:134,0
DA:135,0
DA:136,0
DA:137,0
DA:138,0
DA:139,0
DA:140,0
DA:141,0
DA:144,0
DA:145,0
DA:146,0
DA:147,0
DA:155,0
DA:156,0
DA:158,0
DA:160,0
DA:161,0
DA:162,0
DA:163,0
DA:166,0
DA:169,0
DA:170,0
DA:173,0
DA:176,0
DA:177,0
DA:178,0
DA:179,0
DA:182,0
DA:185,0
DA:186,0
DA:189,0
DA:197,0
DA:198,0
DA:200,0
DA:203,0
DA:204,0
DA:205,0
DA:206,0
DA:207,0
DA:208,0
DA:209,0
DA:218,0
DA:219,0
DA:220,0
DA:221,0
DA:222,0
DA:223,0
DA:224,0
DA:225,0
DA:226,0
DA:228,0
DA:229,0
DA:232,0
DA:233,0
DA:235,0
DA:238,0
DA:239,0
DA:240,0
DA:241,0
DA:242,0
DA:243,0
DA:252,0
DA:253,0
DA:255,0
DA:258,0
DA:259,0
DA:260,0
DA:261,0
DA:262,0
DA:263,0
DA:272,0
DA:273,0
DA:275,0
DA:276,0
DA:277,0
DA:279,0
DA:285,0
DA:286,0
DA:288,0
DA:289,0
DA:290,0
DA:291,0
DA:297,0
DA:299,0
DA:302,0
DA:303,0
DA:304,0
DA:306,0
DA:308,0
DA:310,0
DA:317,0
DA:318,0
LF:155
LH:0
end_of_record
SF:lib/features/trip/presentation/view/widgets/trip_dialog.dart
DA:10,0
DA:12,0
DA:13,0
DA:26,0
DA:28,0
DA:29,0
DA:30,0
DA:31,0
DA:32,0
DA:33,0
DA:35,0
DA:36,0
DA:39,0
DA:41,0
DA:42,0
DA:43,0
DA:44,0
DA:45,0
DA:46,0
DA:47,0
DA:49,0
DA:51,0
DA:52,0
DA:54,0
DA:56,0
DA:57,0
DA:60,0
DA:62,0
DA:63,0
DA:66,0
DA:67,0
DA:68,0
DA:73,0
DA:74,0
DA:75,0
DA:77,0
DA:78,0
DA:79,0
DA:82,0
DA:85,0
DA:87,0
DA:89,0
DA:90,0
DA:91,0
DA:93,0
DA:94,0
DA:95,0
DA:98,0
DA:101,0
DA:103,0
DA:106,0
DA:107,0
DA:108,0
DA:109,0
DA:110,0
DA:111,0
DA:112,0
DA:113,0
DA:115,0
DA:116,0
DA:117,0
DA:118,0
DA:119,0
DA:122,0
DA:123,0
DA:125,0
DA:128,0
DA:131,0
DA:134,0
DA:142,0
DA:143,0
LF:71
LH:0
end_of_record
SF:lib/features/trip/presentation/view_model/trip_event.dart
DA:7,1
DA:9,0
DA:10,0
DA:18,0
DA:20,0
DA:21,0
DA:27,0
DA:29,0
DA:30,0
DA:36,0
DA:38,0
DA:39,0
DA:45,0
LF:13
LH:1
end_of_record
SF:lib/features/trip/presentation/view_model/trip_state.dart
DA:5,2
DA:7,0
DA:8,0
DA:18,1
DA:20,0
DA:21,0
DA:33,1
DA:35,0
DA:36,0
LF:9
LH:3
end_of_record
SF:lib/features/trip/presentation/view/trip_screen.dart
DA:12,2
DA:14,1
DA:15,1
DA:22,1
DA:24,1
DA:25,4
DA:28,1
DA:30,1
DA:31,1
DA:37,1
DA:38,1
DA:39,1
DA:40,1
DA:41,1
DA:42,1
DA:43,1
DA:45,1
DA:46,2
DA:47,1
DA:48,1
DA:49,3
DA:61,1
DA:62,1
DA:64,1
DA:65,1
DA:66,1
DA:67,0
DA:68,0
DA:70,1
DA:73,2
DA:77,1
DA:78,1
DA:81,1
DA:82,1
DA:90,0
DA:92,0
DA:103,1
DA:104,2
DA:105,4
DA:106,0
DA:107,2
DA:108,0
DA:111,1
DA:114,1
DA:115,1
DA:124,1
DA:126,1
DA:127,1
DA:128,1
DA:129,1
DA:131,1
DA:132,1
DA:135,1
DA:136,0
DA:137,0
DA:138,0
DA:139,0
DA:140,0
DA:141,0
DA:142,0
DA:144,0
DA:148,0
DA:151,4
DA:152,1
DA:154,1
DA:156,6
DA:158,1
DA:159,1
DA:161,1
DA:162,2
DA:163,3
DA:175,1
DA:176,1
DA:177,1
DA:179,1
DA:181,1
DA:183,0
DA:190,1
DA:191,1
DA:192,1
DA:194,1
DA:196,1
DA:198,0
DA:205,1
DA:207,8
LF:85
LH:68
end_of_record
SF:lib/features/profile/presentation/view/profile_screen.dart
DA:16,3
DA:18,1
DA:19,1
DA:26,1
DA:28,1
DA:29,4
DA:30,1
DA:33,1
DA:34,1
DA:35,4
DA:36,1
DA:37,2
DA:38,1
DA:43,0
DA:44,0
DA:46,0
DA:47,0
DA:50,0
DA:51,0
DA:52,0
DA:54,0
DA:60,0
DA:61,0
DA:62,0
DA:63,0
DA:65,0
DA:66,0
DA:70,0
DA:71,0
DA:72,0
DA:75,0
DA:76,0
DA:78,0
DA:80,0
DA:82,0
DA:88,0
DA:90,0
DA:91,0
DA:93,0
DA:94,0
DA:95,0
DA:96,0
DA:99,0
DA:100,0
DA:101,0
DA:107,1
DA:109,1
DA:110,2
DA:111,1
DA:112,1
DA:118,1
DA:119,1
DA:120,1
DA:122,1
DA:123,1
DA:124,1
DA:128,1
DA:129,1
DA:135,1
DA:136,1
DA:140,1
DA:142,1
DA:143,1
DA:144,1
DA:147,1
DA:148,1
DA:149,2
DA:154,0
DA:156,0
DA:157,0
DA:158,0
DA:159,0
DA:165,1
DA:168,1
DA:171,1
DA:172,0
DA:173,0
DA:174,0
DA:176,0
DA:179,1
DA:182,2
DA:197,1
DA:202,1
DA:204,1
DA:206,1
DA:207,1
DA:208,1
DA:209,1
DA:210,1
DA:211,1
DA:212,1
DA:213,1
DA:219,1
DA:220,1
DA:221,1
DA:223,1
LF:96
LH:55
end_of_record
SF:lib/features/auth/presentation/view/forgot_password_view.dart
DA:6,1
DA:8,0
DA:9,0
DA:18,0
DA:19,0
DA:21,0
DA:22,0
DA:28,0
DA:31,0
DA:32,0
DA:33,0
DA:34,0
DA:37,0
DA:39,0
DA:40,0
DA:41,0
DA:44,0
DA:45,0
DA:49,0
DA:53,0
DA:57,0
DA:59,0
DA:60,0
DA:64,0
DA:66,0
DA:67,0
DA:73,0
DA:74,0
DA:82,0
DA:83,0
DA:85,0
DA:86,0
LF:32
LH:1
end_of_record
SF:lib/features/auth/presentation/view/login_view.dart
DA:12,2
DA:14,0
DA:15,0
DA:22,0
DA:23,0
DA:24,0
DA:26,0
DA:27,0
DA:31,0
DA:35,0
DA:37,0
DA:38,0
DA:39,0
DA:40,0
DA:42,0
DA:43,0
DA:44,0
DA:45,0
DA:47,0
DA:49,0
DA:50,0
DA:51,0
DA:55,0
DA:56,0
DA:58,0
DA:60,0
DA:61,0
DA:77,0
DA:78,0
DA:79,0
DA:81,0
DA:85,0
DA:86,0
DA:88,0
DA:90,0
DA:96,0
DA:98,0
DA:99,0
DA:100,0
DA:102,0
DA:116,0
DA:119,0
DA:120,0
DA:121,0
DA:123,0
DA:125,0
DA:131,0
DA:133,0
DA:135,0
DA:136,0
DA:137,0
DA:139,0
LF:52
LH:1
end_of_record
SF:lib/features/auth/presentation/view/signup_view.dart
DA:10,1
DA:12,0
DA:13,0
DA:21,0
DA:22,0
DA:23,0
DA:24,0
DA:26,0
DA:27,0
DA:30,0
DA:31,0
DA:35,0
DA:39,0
DA:41,0
DA:42,0
DA:43,0
DA:44,0
DA:46,0
DA:47,0
DA:48,0
DA:49,0
DA:52,0
DA:54,0
DA:56,0
DA:57,0
DA:58,0
DA:62,0
DA:63,0
DA:65,0
DA:67,0
DA:68,0
DA:84,0
DA:85,0
DA:86,0
DA:88,0
DA:89,0
DA:94,0
DA:95,0
DA:97,0
DA:99,0
DA:100,0
DA:105,0
DA:106,0
DA:108,0
DA:110,0
DA:111,0
DA:116,0
DA:119,0
DA:121,0
DA:122,0
DA:124,0
DA:125,0
DA:128,0
DA:145,0
DA:147,0
DA:149,0
DA:150,0
DA:151,0
DA:153,0
LF:59
LH:1
end_of_record
SF:lib/features/dashboard/presentation/view/dashboard.dart
DA:16,1
DA:18,0
DA:19,0
DA:27,0
DA:29,0
DA:31,0
DA:33,0
DA:34,0
DA:37,0
DA:38,0
DA:41,0
DA:42,0
DA:49,0
DA:51,0
DA:52,0
DA:53,0
DA:55,0
DA:56,0
DA:57,0
DA:58,0
DA:65,0
DA:74,0
DA:75,0
DA:77,0
LF:24
LH:1
end_of_record
SF:lib/features/home/presentation/view/home_screen.dart
DA:10,1
DA:12,0
DA:14,0
DA:15,0
DA:16,0
DA:17,0
DA:18,0
DA:24,0
DA:25,0
DA:27,0
DA:34,0
DA:41,0
DA:42,0
DA:43,0
DA:45,0
DA:46,0
DA:52,0
DA:53,0
DA:55,0
DA:57,0
DA:73,0
DA:74,0
DA:75,0
DA:76,0
DA:83,0
DA:84,0
DA:87,0
DA:89,0
DA:92,0
DA:94,0
DA:97,0
DA:99,0
DA:102,0
DA:111,0
DA:114,0
DA:115,0
DA:120,0
DA:123,0
DA:128,0
DA:131,0
DA:153,0
DA:155,0
DA:156,0
DA:157,0
DA:158,0
DA:159,0
DA:162,0
DA:164,0
DA:165,0
DA:167,0
DA:169,0
DA:176,0
DA:186,0
DA:193,0
DA:194,0
DA:196,0
DA:197,0
DA:200,0
DA:202,0
DA:203,0
DA:205,0
DA:206,0
DA:208,0
DA:209,0
DA:211,0
DA:218,0
LF:66
LH:1
end_of_record
SF:lib/features/deepseek/presentation/view/deepseek_screen.dart
DA:12,1
DA:14,0
DA:15,0
DA:31,0
DA:33,0
DA:34,0
DA:35,0
DA:36,0
DA:38,0
DA:39,0
DA:45,0
DA:46,0
DA:47,0
DA:48,0
DA:49,0
DA:52,0
DA:53,0
DA:54,0
DA:56,0
DA:61,0
DA:62,0
DA:64,0
DA:66,0
DA:67,0
DA:68,0
DA:70,0
DA:72,0
DA:75,0
DA:76,0
DA:79,0
DA:80,0
DA:83,0
DA:85,0
DA:87,0
DA:88,0
DA:90,0
DA:91,0
DA:93,0
DA:95,0
DA:97,0
DA:99,0
DA:100,0
DA:111,0
DA:114,0
DA:116,0
DA:117,0
DA:120,0
DA:123,0
DA:125,0
DA:126,0
DA:130,0
DA:133,0
DA:145,0
DA:150,0
DA:153,0
DA:154,0
DA:156,0
DA:157,0
DA:163,0
DA:174,0
DA:179,0
DA:182,0
DA:183,0
DA:185,0
DA:186,0
DA:190,0
DA:191,0
DA:202,0
DA:207,0
DA:210,0
DA:213,0
DA:214,0
DA:215,0
DA:217,0
DA:219,0
DA:225,0
DA:230,0
DA:231,0
DA:232,0
DA:233,0
DA:234,0
DA:235,0
DA:236,0
DA:239,0
DA:242,0
DA:244,0
DA:245,0
DA:246,0
DA:247,0
DA:250,0
DA:252,0
DA:260,0
DA:261,0
DA:262,0
DA:263,0
DA:264,0
DA:266,0
DA:269,0
DA:273,0
DA:275,0
DA:276,0
DA:277,0
DA:283,0
DA:287,0
DA:288,0
DA:289,0
DA:290,0
DA:291,0
DA:292,0
DA:293,0
DA:301,0
DA:302,0
DA:303,0
DA:304,0
DA:305,0
DA:307,0
DA:309,0
DA:310,0
DA:311,0
DA:312,0
DA:313,0
DA:314,0
DA:315,0
DA:316,0
DA:323,0
DA:325,0
DA:326,0
DA:332,0
DA:333,0
DA:337,0
DA:338,0
DA:339,0
DA:341,0
DA:342,0
DA:343,0
DA:346,0
DA:347,0
DA:348,0
DA:349,0
DA:350,0
DA:351,0
DA:352,0
DA:353,0
DA:355,0
DA:361,0
DA:362,0
DA:363,0
DA:364,0
DA:365,0
DA:368,0
DA:369,0
DA:375,0
DA:376,0
DA:377,0
DA:378,0
DA:379,0
DA:380,0
DA:381,0
DA:383,0
DA:386,0
DA:388,0
DA:389,0
DA:390,0
DA:394,0
DA:395,0
DA:396,0
DA:397,0
LF:167
LH:1
end_of_record
SF:lib/features/saved/presentation/view/saved_screen.dart
DA:13,1
DA:15,0
DA:17,0
DA:18,0
DA:19,0
DA:20,0
DA:21,0
DA:22,0
DA:27,0
DA:34,0
DA:35,0
DA:36,0
DA:38,0
DA:39,0
DA:40,0
DA:41,0
DA:42,0
DA:46,0
DA:48,0
DA:49,0
DA:50,0
DA:51,0
DA:52,0
DA:53,0
DA:55,0
DA:56,0
DA:58,0
DA:60,0
DA:61,0
DA:63,0
DA:64,0
DA:65,0
DA:68,0
DA:78,0
DA:79,0
DA:81,0
DA:82,0
DA:83,0
DA:84,0
DA:87,0
DA:88,0
DA:89,0
DA:95,0
DA:96,0
DA:98,0
DA:99,0
DA:100,0
DA:101,0
DA:105,0
DA:106,0
DA:112,0
DA:113,0
DA:116,0
DA:118,0
DA:121,0
DA:123,0
DA:124,0
DA:132,0
DA:136,0
DA:138,0
DA:139,0
DA:141,0
DA:142,0
DA:144,0
DA:145,0
DA:146,0
DA:147,0
DA:149,0
DA:150,0
DA:151,0
DA:153,0
DA:155,0
DA:157,0
DA:158,0
DA:159,0
DA:161,0
DA:162,0
DA:163,0
DA:165,0
DA:167,0
DA:172,0
DA:173,0
DA:174,0
DA:176,0
DA:177,0
DA:178,0
DA:179,0
DA:180,0
DA:181,0
DA:185,0
DA:188,0
DA:189,0
DA:190,0
DA:192,0
DA:205,0
DA:206,0
DA:208,0
DA:209,0
DA:210,0
DA:211,0
DA:217,0
DA:219,0
LF:102
LH:1
end_of_record
SF:lib/features/profile/presentation/view/change_password_screen.dart
DA:11,0
DA:13,0
DA:14,0
DA:25,0
DA:27,0
DA:28,0
DA:31,0
DA:33,0
DA:34,0
DA:35,0
DA:36,0
DA:39,0
DA:40,0
DA:42,0
DA:43,0
DA:45,0
DA:46,0
DA:50,0
DA:51,0
DA:57,0
DA:59,0
DA:60,0
DA:65,0
DA:66,0
DA:67,0
DA:68,0
DA:75,0
DA:77,0
DA:78,0
DA:80,0
DA:81,0
DA:84,0
DA:85,0
DA:88,0
DA:89,0
DA:91,0
DA:93,0
DA:94,0
DA:96,0
DA:97,0
DA:98,0
DA:99,0
DA:105,0
DA:106,0
DA:109,0
DA:110,0
DA:116,0
DA:117,0
DA:118,0
DA:123,0
DA:124,0
DA:130,0
DA:131,0
DA:132,0
DA:139,0
DA:141,0
DA:142,0
DA:143,0
LF:58
LH:0
end_of_record
